17:53:57 Information: Пользователь с Id 1058850682 и состоянием Start отправил сообщение "/start".
17:53:57 Information: Бот отправил пользователю с Id 1058850682 сообщение "Привет".
17:53:58 Information: Пользователю с Id 1058850682 было показано главное меню.
17:54:00 Information: Пользователь с Id 1058850682 и состоянием MainMenu отправил сообщение "Взаимодейтсвие с файлом".
17:54:00 Information: Бот отправил пользователю с Id 1058850682 сообщение "У вас нет загруженных файлов, чтобы работать с ними".
17:54:07 Information: Пользователь с Id 1058850682 и состоянием MainMenu отправил сообщение "/start".
17:54:07 Information: Пользователю с Id 1058850682 было показано главное меню.
17:54:09 Information: Пользователь с Id 1058850682 и состоянием MainMenu отправил сообщение "Взаимодейтсвие с файлом".
17:54:09 Information: Бот отправил пользователю с Id 1058850682 сообщение "У вас нет загруженных файлов, чтобы работать с ними".
17:54:23 Information: Пользователь с Id 1058850682 и состоянием MainMenu отправил сообщение "/start".
17:54:23 Information: Пользователю с Id 1058850682 было показано главное меню.
17:54:33 Information: Пользователь с Id 1040150386 и состоянием Start отправил сообщение "/start".
17:54:33 Information: Бот отправил пользователю с Id 1040150386 сообщение "Привет".
17:54:33 Information: Пользователю с Id 1040150386 было показано главное меню.
17:54:36 Information: Пользователь с Id 1040150386 и состоянием MainMenu отправил сообщение "Взаимодейтсвие с файлом".
17:54:36 Information: Бот отправил пользователю с Id 1040150386 сообщение "У вас нет загруженных файлов, чтобы работать с ними".
17:55:50 Information: Пользователь с Id 1040150386 и состоянием Start отправил сообщение "/start".
17:55:50 Information: Бот отправил пользователю с Id 1040150386 сообщение "Привет".
17:55:50 Information: Пользователю с Id 1040150386 было показано главное меню.
17:55:52 Information: Пользователь с Id 1040150386 и состоянием MainMenu отправил сообщение "Взаимодейтсвие с файлом".
17:55:53 Information: Бот отправил пользователю с Id 1040150386 сообщение "У вас нет загруженных файлов, чтобы работать с ними".
17:55:53 Information: Пользователю с Id 1040150386 было показано главное меню.
18:54:37 Information: Пользователь с Id 1040150386 и состоянием MainMenu отправил сообщение "Загрузить новый файл".
18:54:37 Information: Бот отправил пользователю с Id 1040150386 сообщение "Пришлите файл с расширением csv или json".
19:12:40 Information: Пользователь с Id 1040150386 и состоянием SendingFile отправил документ с названием output (2).json и Id BQACAgIAAxkBAAICo2X7CvfkAg7TvHI3wXOAgJubW6L_AAJCQAACbTHZS8AmBTpJUZvhNAQ.
19:12:41 Information: Пользователь с Id 1040150386 и состоянием SendingFile отправил документ с названием Hockey (1).csv и Id BQACAgIAAxkBAAICpGX7Cvf3DZ7jkbzrpIvkMvLVyVSrAAJDQAACbTHZS7dBJXkk1GY4NAQ.
19:12:42 Information: Бот отправил пользователю с Id 1040150386 сообщение "Файл output (2).json успешно сохранен".
19:12:43 Information: Пользователю с Id 1040150386 было показано главное меню.
19:12:43 Information: Данные пользователя с Id 1040150386 были успешно обработаны.
